WARNING: A terminally deprecated method in sun.misc.Unsafe has been called
WARNING: sun.misc.Unsafe::allocateMemory has been called by io.netty.util.internal.PlatformDependent0$2 (file:/C:/Development/horario/compute-controlplane/build/libs/compute-controlplane-1.0.0-SNAPSHOT-all.jar)
WARNING: Please consider reporting this to the maintainers of class io.netty.util.internal.PlatformDependent0$2
WARNING: sun.misc.Unsafe::allocateMemory will be removed in a future release
May 25, 2026 7:39:10 PM io.grpc.internal.ManagedChannelImpl$2 uncaughtException
SEVERE: [Channel<1>: (127.0.0.1:7233)] Uncaught exception in the SynchronizationContext. Panic!
java.lang.NoClassDefFoundError: io/grpc/internal/ManagedChannelImpl$LbHelperImpl$1LoadBalancerRefreshNameResolution
	at io.grpc.internal.ManagedChannelImpl$LbHelperImpl.refreshNameResolution(ManagedChannelImpl.java:1487)
	at io.grpc.util.ForwardingLoadBalancerHelper.refreshNameResolution(ForwardingLoadBalancerHelper.java:94)
	at io.grpc.util.RoundRobinLoadBalancer.processSubchannelState(RoundRobinLoadBalancer.java:153)
	at io.grpc.util.RoundRobinLoadBalancer.access$000(RoundRobinLoadBalancer.java:55)
	at io.grpc.util.RoundRobinLoadBalancer$1.onSubchannelState(RoundRobinLoadBalancer.java:117)
	at io.grpc.protobuf.services.HealthCheckingLoadBalancerFactory$HealthCheckState.gotoState(HealthCheckingLoadBalancerFactory.java:328)
	at io.grpc.protobuf.services.HealthCheckingLoadBalancerFactory$HealthCheckState.adjustHealthCheck(HealthCheckingLoadBalancerFactory.java:291)
	at io.grpc.protobuf.services.HealthCheckingLoadBalancerFactory$HealthCheckState.onSubchannelState(HealthCheckingLoadBalancerFactory.java:271)
	at io.grpc.internal.ManagedChannelImpl$SubchannelImpl$1ManagedInternalSubchannelCallback.onStateChange(ManagedChannelImpl.java:1945)
	at io.grpc.internal.InternalSubchannel.gotoState(InternalSubchannel.java:334)
	at io.grpc.internal.InternalSubchannel.gotoNonErrorState(InternalSubchannel.java:324)
	at io.grpc.internal.InternalSubchannel.access$300(InternalSubchannel.java:66)
	at io.grpc.internal.InternalSubchannel$TransportListener$2.run(InternalSubchannel.java:582)
	at io.grpc.SynchronizationContext.drain(SynchronizationContext.java:95)
	at io.grpc.SynchronizationContext.execute(SynchronizationContext.java:127)
	at io.grpc.internal.InternalSubchannel$TransportListener.transportShutdown(InternalSubchannel.java:573)
	at io.grpc.netty.shaded.io.grpc.netty.ClientTransportLifecycleManager.notifyGracefulShutdown(ClientTransportLifecycleManager.java:56)
	at io.grpc.netty.shaded.io.grpc.netty.ClientTransportLifecycleManager.notifyShutdown(ClientTransportLifecycleManager.java:62)
	at io.grpc.netty.shaded.io.grpc.netty.NettyClientHandler.onConnectionError(NettyClientHandler.java:506)
	at io.grpc.netty.shaded.io.netty.handler.codec.http2.Http2ConnectionHandler.onError(Http2ConnectionHandler.java:656)
	at io.grpc.netty.shaded.io.netty.handler.codec.http2.Http2ConnectionHandler$FrameDecoder.decode(Http2ConnectionHandler.java:395)
	at io.grpc.netty.shaded.io.netty.handler.codec.http2.Http2ConnectionHandler.decode(Http2ConnectionHandler.java:453)
	at io.grpc.netty.shaded.io.netty.handler.codec.ByteToMessageDecoder.decodeRemovalReentryProtection(ByteToMessageDecoder.java:529)
	at io.grpc.netty.shaded.io.netty.handler.codec.ByteToMessageDecoder.callDecode(ByteToMessageDecoder.java:468)
	at io.grpc.netty.shaded.io.netty.handler.codec.ByteToMessageDecoder.channelRead(ByteToMessageDecoder.java:290)
	at io.grpc.netty.shaded.io.netty.channel.AbstractChannelHandlerContext.invokeChannelRead(AbstractChannelHandlerContext.java:444)
	at io.grpc.netty.shaded.io.netty.channel.AbstractChannelHandlerContext.invokeChannelRead(AbstractChannelHandlerContext.java:420)
	at io.grpc.netty.shaded.io.netty.channel.AbstractChannelHandlerContext.fireChannelRead(AbstractChannelHandlerContext.java:412)
	at io.grpc.netty.shaded.io.netty.channel.DefaultChannelPipeline$HeadContext.channelRead(DefaultChannelPipeline.java:1410)
	at io.grpc.netty.shaded.io.netty.channel.AbstractChannelHandlerContext.invokeChannelRead(AbstractChannelHandlerContext.java:440)
	at io.grpc.netty.shaded.io.netty.channel.AbstractChannelHandlerContext.invokeChannelRead(AbstractChannelHandlerContext.java:420)
	at io.grpc.netty.shaded.io.netty.channel.DefaultChannelPipeline.fireChannelRead(DefaultChannelPipeline.java:919)
	at io.grpc.netty.shaded.io.netty.channel.nio.AbstractNioByteChannel$NioByteUnsafe.read(AbstractNioByteChannel.java:166)
	at io.grpc.netty.shaded.io.netty.channel.nio.NioEventLoop.processSelectedKey(NioEventLoop.java:788)
	at io.grpc.netty.shaded.io.netty.channel.nio.NioEventLoop.processSelectedKeysOptimized(NioEventLoop.java:724)
	at io.grpc.netty.shaded.io.netty.channel.nio.NioEventLoop.processSelectedKeys(NioEventLoop.java:650)
	at io.grpc.netty.shaded.io.netty.channel.nio.NioEventLoop.run(NioEventLoop.java:562)
	at io.grpc.netty.shaded.io.netty.util.concurrent.SingleThreadEventExecutor$4.run(SingleThreadEventExecutor.java:997)
	at io.grpc.netty.shaded.io.netty.util.internal.ThreadExecutorMap$2.run(ThreadExecutorMap.java:74)
	at io.grpc.netty.shaded.io.netty.util.concurrent.FastThreadLocalRunnable.run(FastThreadLocalRunnable.java:30)
	at java.base/java.lang.Thread.run(Thread.java:1516)
Caused by: java.lang.ClassNotFoundException: io.grpc.internal.ManagedChannelImpl$LbHelperImpl$1LoadBalancerRefreshNameResolution
	at java.base/jdk.internal.loader.BuiltinClassLoader.loadClass(BuiltinClassLoader.java:580)
	at java.base/java.lang.ClassLoader.loadClass(ClassLoader.java:502)
	... 41 more

May 25, 2026 7:39:26 PM io.grpc.internal.LogExceptionRunnable run
SEVERE: Exception while executing runnable io.grpc.internal.KeepAliveManager$2@15a06b7a
java.lang.NoClassDefFoundError: io/grpc/internal/KeepAliveManager$ClientKeepAlivePinger$1
	at io.grpc.internal.KeepAliveManager$ClientKeepAlivePinger.ping(KeepAliveManager.java:273)
	at io.grpc.internal.KeepAliveManager$2.run(KeepAliveManager.java:89)
	at io.grpc.internal.LogExceptionRunnable.run(LogExceptionRunnable.java:42)
	at io.grpc.netty.shaded.io.netty.util.concurrent.PromiseTask.runTask(PromiseTask.java:98)
	at io.grpc.netty.shaded.io.netty.util.concurrent.ScheduledFutureTask.run(ScheduledFutureTask.java:153)
	at io.grpc.netty.shaded.io.netty.util.concurrent.AbstractEventExecutor.runTask(AbstractEventExecutor.java:174)
	at io.grpc.netty.shaded.io.netty.util.concurrent.AbstractEventExecutor.safeExecute(AbstractEventExecutor.java:167)
	at io.grpc.netty.shaded.io.netty.util.concurrent.SingleThreadEventExecutor.runAllTasks(SingleThreadEventExecutor.java:470)
	at io.grpc.netty.shaded.io.netty.channel.nio.NioEventLoop.run(NioEventLoop.java:569)
	at io.grpc.netty.shaded.io.netty.util.concurrent.SingleThreadEventExecutor$4.run(SingleThreadEventExecutor.java:997)
	at io.grpc.netty.shaded.io.netty.util.internal.ThreadExecutorMap$2.run(ThreadExecutorMap.java:74)
	at io.grpc.netty.shaded.io.netty.util.concurrent.FastThreadLocalRunnable.run(FastThreadLocalRunnable.java:30)
	at java.base/java.lang.Thread.run(Thread.java:1516)
Caused by: java.lang.ClassNotFoundException: io.grpc.internal.KeepAliveManager$ClientKeepAlivePinger$1
	at java.base/jdk.internal.loader.BuiltinClassLoader.loadClass(BuiltinClassLoader.java:580)
	at java.base/java.lang.ClassLoader.loadClass(ClassLoader.java:502)
	... 13 more

May 25, 2026 7:39:31 PM io.grpc.internal.LogExceptionRunnable run
SEVERE: Exception while executing runnable io.grpc.internal.KeepAliveManager$2@52e2cec3
java.lang.NoClassDefFoundError: io/grpc/internal/KeepAliveManager$ClientKeepAlivePinger$1
	at io.grpc.internal.KeepAliveManager$ClientKeepAlivePinger.ping(KeepAliveManager.java:273)
	at io.grpc.internal.KeepAliveManager$2.run(KeepAliveManager.java:89)
	at io.grpc.internal.LogExceptionRunnable.run(LogExceptionRunnable.java:42)
	at io.grpc.netty.shaded.io.netty.util.concurrent.PromiseTask.runTask(PromiseTask.java:98)
	at io.grpc.netty.shaded.io.netty.util.concurrent.ScheduledFutureTask.run(ScheduledFutureTask.java:153)
	at io.grpc.netty.shaded.io.netty.util.concurrent.AbstractEventExecutor.runTask(AbstractEventExecutor.java:174)
	at io.grpc.netty.shaded.io.netty.util.concurrent.AbstractEventExecutor.safeExecute(AbstractEventExecutor.java:167)
	at io.grpc.netty.shaded.io.netty.util.concurrent.SingleThreadEventExecutor.runAllTasks(SingleThreadEventExecutor.java:470)
	at io.grpc.netty.shaded.io.netty.channel.nio.NioEventLoop.run(NioEventLoop.java:569)
	at io.grpc.netty.shaded.io.netty.util.concurrent.SingleThreadEventExecutor$4.run(SingleThreadEventExecutor.java:997)
	at io.grpc.netty.shaded.io.netty.util.internal.ThreadExecutorMap$2.run(ThreadExecutorMap.java:74)
	at io.grpc.netty.shaded.io.netty.util.concurrent.FastThreadLocalRunnable.run(FastThreadLocalRunnable.java:30)
	at java.base/java.lang.Thread.run(Thread.java:1516)
Caused by: java.lang.ClassNotFoundException: io.grpc.internal.KeepAliveManager$ClientKeepAlivePinger$1
	... 13 more

May 25, 2026 7:40:05 PM io.grpc.internal.LogExceptionRunnable run
SEVERE: Exception while executing runnable io.grpc.internal.ClientCallImpl$DeadlineTimer@55abf69b
java.lang.NoClassDefFoundError: io/grpc/internal/DelayedStream$8
	at io.grpc.internal.DelayedStream.cancel(DelayedStream.java:319)
	at io.grpc.internal.DelayedClientTransport$PendingStream.cancel(DelayedClientTransport.java:377)
	at io.grpc.internal.RetriableStream$1CommitTask.run(RetriableStream.java:194)
	at io.grpc.internal.RetriableStream.cancel(RetriableStream.java:515)
	at io.grpc.internal.ClientCallImpl$DeadlineTimer.run(ClientCallImpl.java:409)
	at io.grpc.internal.LogExceptionRunnable.run(LogExceptionRunnable.java:42)
	at io.grpc.netty.shaded.io.netty.util.concurrent.PromiseTask.runTask(PromiseTask.java:98)
	at io.grpc.netty.shaded.io.netty.util.concurrent.ScheduledFutureTask.run(ScheduledFutureTask.java:153)
	at io.grpc.netty.shaded.io.netty.util.concurrent.AbstractEventExecutor.runTask(AbstractEventExecutor.java:174)
	at io.grpc.netty.shaded.io.netty.util.concurrent.AbstractEventExecutor.safeExecute(AbstractEventExecutor.java:167)
	at io.grpc.netty.shaded.io.netty.util.concurrent.SingleThreadEventExecutor.runAllTasks(SingleThreadEventExecutor.java:470)
	at io.grpc.netty.shaded.io.netty.channel.nio.NioEventLoop.run(NioEventLoop.java:569)
	at io.grpc.netty.shaded.io.netty.util.concurrent.SingleThreadEventExecutor$4.run(SingleThreadEventExecutor.java:997)
	at io.grpc.netty.shaded.io.netty.util.internal.ThreadExecutorMap$2.run(ThreadExecutorMap.java:74)
	at io.grpc.netty.shaded.io.netty.util.concurrent.FastThreadLocalRunnable.run(FastThreadLocalRunnable.java:30)
	at java.base/java.lang.Thread.run(Thread.java:1516)
Caused by: java.lang.ClassNotFoundException: io.grpc.internal.DelayedStream$8
	at java.base/jdk.internal.loader.BuiltinClassLoader.loadClass(BuiltinClassLoader.java:580)
	at java.base/java.lang.ClassLoader.loadClass(ClassLoader.java:502)
	... 16 more

May 25, 2026 7:40:05 PM io.grpc.internal.LogExceptionRunnable run
SEVERE: Exception while executing runnable io.grpc.internal.ClientCallImpl$DeadlineTimer@76ddf925
java.lang.NoClassDefFoundError: io/grpc/internal/DelayedStream$8
	at io.grpc.internal.DelayedStream.cancel(DelayedStream.java:319)
	at io.grpc.internal.DelayedClientTransport$PendingStream.cancel(DelayedClientTransport.java:377)
	at io.grpc.internal.RetriableStream$1CommitTask.run(RetriableStream.java:194)
	at io.grpc.internal.RetriableStream.cancel(RetriableStream.java:515)
	at io.grpc.internal.ClientCallImpl$DeadlineTimer.run(ClientCallImpl.java:409)
	at io.grpc.internal.LogExceptionRunnable.run(LogExceptionRunnable.java:42)
	at io.grpc.netty.shaded.io.netty.util.concurrent.PromiseTask.runTask(PromiseTask.java:98)
	at io.grpc.netty.shaded.io.netty.util.concurrent.ScheduledFutureTask.run(ScheduledFutureTask.java:153)
	at io.grpc.netty.shaded.io.netty.util.concurrent.AbstractEventExecutor.runTask(AbstractEventExecutor.java:174)
	at io.grpc.netty.shaded.io.netty.util.concurrent.AbstractEventExecutor.safeExecute(AbstractEventExecutor.java:167)
	at io.grpc.netty.shaded.io.netty.util.concurrent.SingleThreadEventExecutor.runAllTasks(SingleThreadEventExecutor.java:470)
	at io.grpc.netty.shaded.io.netty.channel.nio.NioEventLoop.run(NioEventLoop.java:569)
	at io.grpc.netty.shaded.io.netty.util.concurrent.SingleThreadEventExecutor$4.run(SingleThreadEventExecutor.java:997)
	at io.grpc.netty.shaded.io.netty.util.internal.ThreadExecutorMap$2.run(ThreadExecutorMap.java:74)
	at io.grpc.netty.shaded.io.netty.util.concurrent.FastThreadLocalRunnable.run(FastThreadLocalRunnable.java:30)
	at java.base/java.lang.Thread.run(Thread.java:1516)
Caused by: java.lang.ClassNotFoundException: io.grpc.internal.DelayedStream$8
	... 16 more

May 25, 2026 7:40:05 PM io.grpc.internal.LogExceptionRunnable run
SEVERE: Exception while executing runnable io.grpc.internal.ClientCallImpl$DeadlineTimer@4e440f8b
java.lang.NoClassDefFoundError: io/grpc/internal/DelayedStream$8
	at io.grpc.internal.DelayedStream.cancel(DelayedStream.java:319)
	at io.grpc.internal.DelayedClientTransport$PendingStream.cancel(DelayedClientTransport.java:377)
	at io.grpc.internal.RetriableStream$1CommitTask.run(RetriableStream.java:194)
	at io.grpc.internal.RetriableStream.cancel(RetriableStream.java:515)
	at io.grpc.internal.ClientCallImpl$DeadlineTimer.run(ClientCallImpl.java:409)
	at io.grpc.internal.LogExceptionRunnable.run(LogExceptionRunnable.java:42)
	at io.grpc.netty.shaded.io.netty.util.concurrent.PromiseTask.runTask(PromiseTask.java:98)
	at io.grpc.netty.shaded.io.netty.util.concurrent.ScheduledFutureTask.run(ScheduledFutureTask.java:153)
	at io.grpc.netty.shaded.io.netty.util.concurrent.AbstractEventExecutor.runTask(AbstractEventExecutor.java:174)
	at io.grpc.netty.shaded.io.netty.util.concurrent.AbstractEventExecutor.safeExecute(AbstractEventExecutor.java:167)
	at io.grpc.netty.shaded.io.netty.util.concurrent.SingleThreadEventExecutor.runAllTasks(SingleThreadEventExecutor.java:470)
	at io.grpc.netty.shaded.io.netty.channel.nio.NioEventLoop.run(NioEventLoop.java:569)
	at io.grpc.netty.shaded.io.netty.util.concurrent.SingleThreadEventExecutor$4.run(SingleThreadEventExecutor.java:997)
	at io.grpc.netty.shaded.io.netty.util.internal.ThreadExecutorMap$2.run(ThreadExecutorMap.java:74)
	at io.grpc.netty.shaded.io.netty.util.concurrent.FastThreadLocalRunnable.run(FastThreadLocalRunnable.java:30)
	at java.base/java.lang.Thread.run(Thread.java:1516)
Caused by: java.lang.ClassNotFoundException: io.grpc.internal.DelayedStream$8
	... 16 more

May 25, 2026 7:40:05 PM io.grpc.internal.LogExceptionRunnable run
SEVERE: Exception while executing runnable io.grpc.internal.ClientCallImpl$DeadlineTimer@5058dd18
java.lang.NoClassDefFoundError: io/grpc/internal/DelayedStream$8
	at io.grpc.internal.DelayedStream.cancel(DelayedStream.java:319)
	at io.grpc.internal.DelayedClientTransport$PendingStream.cancel(DelayedClientTransport.java:377)
	at io.grpc.internal.RetriableStream$1CommitTask.run(RetriableStream.java:194)
	at io.grpc.internal.RetriableStream.cancel(RetriableStream.java:515)
	at io.grpc.internal.ClientCallImpl$DeadlineTimer.run(ClientCallImpl.java:409)
	at io.grpc.internal.LogExceptionRunnable.run(LogExceptionRunnable.java:42)
	at io.grpc.netty.shaded.io.netty.util.concurrent.PromiseTask.runTask(PromiseTask.java:98)
	at io.grpc.netty.shaded.io.netty.util.concurrent.ScheduledFutureTask.run(ScheduledFutureTask.java:153)
	at io.grpc.netty.shaded.io.netty.util.concurrent.AbstractEventExecutor.runTask(AbstractEventExecutor.java:174)
	at io.grpc.netty.shaded.io.netty.util.concurrent.AbstractEventExecutor.safeExecute(AbstractEventExecutor.java:167)
	at io.grpc.netty.shaded.io.netty.util.concurrent.SingleThreadEventExecutor.runAllTasks(SingleThreadEventExecutor.java:470)
	at io.grpc.netty.shaded.io.netty.channel.nio.NioEventLoop.run(NioEventLoop.java:569)
	at io.grpc.netty.shaded.io.netty.util.concurrent.SingleThreadEventExecutor$4.run(SingleThreadEventExecutor.java:997)
	at io.grpc.netty.shaded.io.netty.util.internal.ThreadExecutorMap$2.run(ThreadExecutorMap.java:74)
	at io.grpc.netty.shaded.io.netty.util.concurrent.FastThreadLocalRunnable.run(FastThreadLocalRunnable.java:30)
	at java.base/java.lang.Thread.run(Thread.java:1516)
Caused by: java.lang.ClassNotFoundException: io.grpc.internal.DelayedStream$8
	... 16 more

May 25, 2026 7:40:05 PM io.grpc.internal.LogExceptionRunnable run
SEVERE: Exception while executing runnable io.grpc.internal.ClientCallImpl$DeadlineTimer@5a540f54
java.lang.NoClassDefFoundError: io/grpc/internal/DelayedStream$8
	at io.grpc.internal.DelayedStream.cancel(DelayedStream.java:319)
	at io.grpc.internal.DelayedClientTransport$PendingStream.cancel(DelayedClientTransport.java:377)
	at io.grpc.internal.RetriableStream$1CommitTask.run(RetriableStream.java:194)
	at io.grpc.internal.RetriableStream.cancel(RetriableStream.java:515)
	at io.grpc.internal.ClientCallImpl$DeadlineTimer.run(ClientCallImpl.java:409)
	at io.grpc.internal.LogExceptionRunnable.run(LogExceptionRunnable.java:42)
	at io.grpc.netty.shaded.io.netty.util.concurrent.PromiseTask.runTask(PromiseTask.java:98)
	at io.grpc.netty.shaded.io.netty.util.concurrent.ScheduledFutureTask.run(ScheduledFutureTask.java:153)
	at io.grpc.netty.shaded.io.netty.util.concurrent.AbstractEventExecutor.runTask(AbstractEventExecutor.java:174)
	at io.grpc.netty.shaded.io.netty.util.concurrent.AbstractEventExecutor.safeExecute(AbstractEventExecutor.java:167)
	at io.grpc.netty.shaded.io.netty.util.concurrent.SingleThreadEventExecutor.runAllTasks(SingleThreadEventExecutor.java:470)
	at io.grpc.netty.shaded.io.netty.channel.nio.NioEventLoop.run(NioEventLoop.java:569)
	at io.grpc.netty.shaded.io.netty.util.concurrent.SingleThreadEventExecutor$4.run(SingleThreadEventExecutor.java:997)
	at io.grpc.netty.shaded.io.netty.util.internal.ThreadExecutorMap$2.run(ThreadExecutorMap.java:74)
	at io.grpc.netty.shaded.io.netty.util.concurrent.FastThreadLocalRunnable.run(FastThreadLocalRunnable.java:30)
	at java.base/java.lang.Thread.run(Thread.java:1516)
Caused by: java.lang.ClassNotFoundException: io.grpc.internal.DelayedStream$8
	... 16 more

May 25, 2026 7:40:05 PM io.grpc.internal.LogExceptionRunnable run
SEVERE: Exception while executing runnable io.grpc.internal.ClientCallImpl$DeadlineTimer@75dca90c
java.lang.NoClassDefFoundError: io/grpc/internal/DelayedStream$8
	at io.grpc.internal.DelayedStream.cancel(DelayedStream.java:319)
	at io.grpc.internal.DelayedClientTransport$PendingStream.cancel(DelayedClientTransport.java:377)
	at io.grpc.internal.RetriableStream$1CommitTask.run(RetriableStream.java:194)
	at io.grpc.internal.RetriableStream.cancel(RetriableStream.java:515)
	at io.grpc.internal.ClientCallImpl$DeadlineTimer.run(ClientCallImpl.java:409)
	at io.grpc.internal.LogExceptionRunnable.run(LogExceptionRunnable.java:42)
	at io.grpc.netty.shaded.io.netty.util.concurrent.PromiseTask.runTask(PromiseTask.java:98)
	at io.grpc.netty.shaded.io.netty.util.concurrent.ScheduledFutureTask.run(ScheduledFutureTask.java:153)
	at io.grpc.netty.shaded.io.netty.util.concurrent.AbstractEventExecutor.runTask(AbstractEventExecutor.java:174)
	at io.grpc.netty.shaded.io.netty.util.concurrent.AbstractEventExecutor.safeExecute(AbstractEventExecutor.java:167)
	at io.grpc.netty.shaded.io.netty.util.concurrent.SingleThreadEventExecutor.runAllTasks(SingleThreadEventExecutor.java:470)
	at io.grpc.netty.shaded.io.netty.channel.nio.NioEventLoop.run(NioEventLoop.java:569)
	at io.grpc.netty.shaded.io.netty.util.concurrent.SingleThreadEventExecutor$4.run(SingleThreadEventExecutor.java:997)
	at io.grpc.netty.shaded.io.netty.util.internal.ThreadExecutorMap$2.run(ThreadExecutorMap.java:74)
	at io.grpc.netty.shaded.io.netty.util.concurrent.FastThreadLocalRunnable.run(FastThreadLocalRunnable.java:30)
	at java.base/java.lang.Thread.run(Thread.java:1516)
Caused by: java.lang.ClassNotFoundException: io.grpc.internal.DelayedStream$8
	... 16 more

May 25, 2026 7:40:05 PM io.grpc.internal.LogExceptionRunnable run
SEVERE: Exception while executing runnable io.grpc.internal.ClientCallImpl$DeadlineTimer@1a49d299
java.lang.NoClassDefFoundError: io/grpc/internal/DelayedStream$8
	at io.grpc.internal.DelayedStream.cancel(DelayedStream.java:319)
	at io.grpc.internal.DelayedClientTransport$PendingStream.cancel(DelayedClientTransport.java:377)
	at io.grpc.internal.RetriableStream$1CommitTask.run(RetriableStream.java:194)
	at io.grpc.internal.RetriableStream.cancel(RetriableStream.java:515)
	at io.grpc.internal.ClientCallImpl$DeadlineTimer.run(ClientCallImpl.java:409)
	at io.grpc.internal.LogExceptionRunnable.run(LogExceptionRunnable.java:42)
	at io.grpc.netty.shaded.io.netty.util.concurrent.PromiseTask.runTask(PromiseTask.java:98)
	at io.grpc.netty.shaded.io.netty.util.concurrent.ScheduledFutureTask.run(ScheduledFutureTask.java:153)
	at io.grpc.netty.shaded.io.netty.util.concurrent.AbstractEventExecutor.runTask(AbstractEventExecutor.java:174)
	at io.grpc.netty.shaded.io.netty.util.concurrent.AbstractEventExecutor.safeExecute(AbstractEventExecutor.java:167)
	at io.grpc.netty.shaded.io.netty.util.concurrent.SingleThreadEventExecutor.runAllTasks(SingleThreadEventExecutor.java:470)
	at io.grpc.netty.shaded.io.netty.channel.nio.NioEventLoop.run(NioEventLoop.java:569)
	at io.grpc.netty.shaded.io.netty.util.concurrent.SingleThreadEventExecutor$4.run(SingleThreadEventExecutor.java:997)
	at io.grpc.netty.shaded.io.netty.util.internal.ThreadExecutorMap$2.run(ThreadExecutorMap.java:74)
	at io.grpc.netty.shaded.io.netty.util.concurrent.FastThreadLocalRunnable.run(FastThreadLocalRunnable.java:30)
	at java.base/java.lang.Thread.run(Thread.java:1516)
Caused by: java.lang.ClassNotFoundException: io.grpc.internal.DelayedStream$8
	... 16 more

May 25, 2026 7:40:05 PM io.grpc.internal.LogExceptionRunnable run
SEVERE: Exception while executing runnable io.grpc.internal.ClientCallImpl$DeadlineTimer@52a508d0
java.lang.NoClassDefFoundError: io/grpc/internal/DelayedStream$8
	at io.grpc.internal.DelayedStream.cancel(DelayedStream.java:319)
	at io.grpc.internal.DelayedClientTransport$PendingStream.cancel(DelayedClientTransport.java:377)
	at io.grpc.internal.RetriableStream$1CommitTask.run(RetriableStream.java:194)
	at io.grpc.internal.RetriableStream.cancel(RetriableStream.java:515)
	at io.grpc.internal.ClientCallImpl$DeadlineTimer.run(ClientCallImpl.java:409)
	at io.grpc.internal.LogExceptionRunnable.run(LogExceptionRunnable.java:42)
	at io.grpc.netty.shaded.io.netty.util.concurrent.PromiseTask.runTask(PromiseTask.java:98)
	at io.grpc.netty.shaded.io.netty.util.concurrent.ScheduledFutureTask.run(ScheduledFutureTask.java:153)
	at io.grpc.netty.shaded.io.netty.util.concurrent.AbstractEventExecutor.runTask(AbstractEventExecutor.java:174)
	at io.grpc.netty.shaded.io.netty.util.concurrent.AbstractEventExecutor.safeExecute(AbstractEventExecutor.java:167)
	at io.grpc.netty.shaded.io.netty.util.concurrent.SingleThreadEventExecutor.runAllTasks(SingleThreadEventExecutor.java:470)
	at io.grpc.netty.shaded.io.netty.channel.nio.NioEventLoop.run(NioEventLoop.java:569)
	at io.grpc.netty.shaded.io.netty.util.concurrent.SingleThreadEventExecutor$4.run(SingleThreadEventExecutor.java:997)
	at io.grpc.netty.shaded.io.netty.util.internal.ThreadExecutorMap$2.run(ThreadExecutorMap.java:74)
	at io.grpc.netty.shaded.io.netty.util.concurrent.FastThreadLocalRunnable.run(FastThreadLocalRunnable.java:30)
	at java.base/java.lang.Thread.run(Thread.java:1516)
Caused by: java.lang.ClassNotFoundException: io.grpc.internal.DelayedStream$8
	... 16 more

May 25, 2026 7:40:05 PM io.grpc.internal.LogExceptionRunnable run
SEVERE: Exception while executing runnable io.grpc.internal.ClientCallImpl$DeadlineTimer@153fa085
java.lang.NoClassDefFoundError: io/grpc/internal/DelayedStream$8
	at io.grpc.internal.DelayedStream.cancel(DelayedStream.java:319)
	at io.grpc.internal.DelayedClientTransport$PendingStream.cancel(DelayedClientTransport.java:377)
	at io.grpc.internal.RetriableStream$1CommitTask.run(RetriableStream.java:194)
	at io.grpc.internal.RetriableStream.cancel(RetriableStream.java:515)
	at io.grpc.internal.ClientCallImpl$DeadlineTimer.run(ClientCallImpl.java:409)
	at io.grpc.internal.LogExceptionRunnable.run(LogExceptionRunnable.java:42)
	at io.grpc.netty.shaded.io.netty.util.concurrent.PromiseTask.runTask(PromiseTask.java:98)
	at io.grpc.netty.shaded.io.netty.util.concurrent.ScheduledFutureTask.run(ScheduledFutureTask.java:153)
	at io.grpc.netty.shaded.io.netty.util.concurrent.AbstractEventExecutor.runTask(AbstractEventExecutor.java:174)
	at io.grpc.netty.shaded.io.netty.util.concurrent.AbstractEventExecutor.safeExecute(AbstractEventExecutor.java:167)
	at io.grpc.netty.shaded.io.netty.util.concurrent.SingleThreadEventExecutor.runAllTasks(SingleThreadEventExecutor.java:470)
	at io.grpc.netty.shaded.io.netty.channel.nio.NioEventLoop.run(NioEventLoop.java:569)
	at io.grpc.netty.shaded.io.netty.util.concurrent.SingleThreadEventExecutor$4.run(SingleThreadEventExecutor.java:997)
	at io.grpc.netty.shaded.io.netty.util.internal.ThreadExecutorMap$2.run(ThreadExecutorMap.java:74)
	at io.grpc.netty.shaded.io.netty.util.concurrent.FastThreadLocalRunnable.run(FastThreadLocalRunnable.java:30)
	at java.base/java.lang.Thread.run(Thread.java:1516)
Caused by: java.lang.ClassNotFoundException: io.grpc.internal.DelayedStream$8
	... 16 more

May 25, 2026 7:40:05 PM io.grpc.internal.LogExceptionRunnable run
SEVERE: Exception while executing runnable io.grpc.internal.ClientCallImpl$DeadlineTimer@304f922
java.lang.NoClassDefFoundError: io/grpc/internal/DelayedStream$8
	at io.grpc.internal.DelayedStream.cancel(DelayedStream.java:319)
	at io.grpc.internal.DelayedClientTransport$PendingStream.cancel(DelayedClientTransport.java:377)
	at io.grpc.internal.RetriableStream$1CommitTask.run(RetriableStream.java:194)
	at io.grpc.internal.RetriableStream.cancel(RetriableStream.java:515)
	at io.grpc.internal.ClientCallImpl$DeadlineTimer.run(ClientCallImpl.java:409)
	at io.grpc.internal.LogExceptionRunnable.run(LogExceptionRunnable.java:42)
	at io.grpc.netty.shaded.io.netty.util.concurrent.PromiseTask.runTask(PromiseTask.java:98)
	at io.grpc.netty.shaded.io.netty.util.concurrent.ScheduledFutureTask.run(ScheduledFutureTask.java:153)
	at io.grpc.netty.shaded.io.netty.util.concurrent.AbstractEventExecutor.runTask(AbstractEventExecutor.java:174)
	at io.grpc.netty.shaded.io.netty.util.concurrent.AbstractEventExecutor.safeExecute(AbstractEventExecutor.java:167)
	at io.grpc.netty.shaded.io.netty.util.concurrent.SingleThreadEventExecutor.runAllTasks(SingleThreadEventExecutor.java:470)
	at io.grpc.netty.shaded.io.netty.channel.nio.NioEventLoop.run(NioEventLoop.java:569)
	at io.grpc.netty.shaded.io.netty.util.concurrent.SingleThreadEventExecutor$4.run(SingleThreadEventExecutor.java:997)
	at io.grpc.netty.shaded.io.netty.util.internal.ThreadExecutorMap$2.run(ThreadExecutorMap.java:74)
	at io.grpc.netty.shaded.io.netty.util.concurrent.FastThreadLocalRunnable.run(FastThreadLocalRunnable.java:30)
	at java.base/java.lang.Thread.run(Thread.java:1516)
Caused by: java.lang.ClassNotFoundException: io.grpc.internal.DelayedStream$8
	... 16 more

May 25, 2026 7:40:05 PM io.grpc.internal.LogExceptionRunnable run
SEVERE: Exception while executing runnable io.grpc.internal.ClientCallImpl$DeadlineTimer@227785c7
java.lang.NoClassDefFoundError: io/grpc/internal/DelayedStream$8
	at io.grpc.internal.DelayedStream.cancel(DelayedStream.java:319)
	at io.grpc.internal.DelayedClientTransport$PendingStream.cancel(DelayedClientTransport.java:377)
	at io.grpc.internal.RetriableStream$1CommitTask.run(RetriableStream.java:194)
	at io.grpc.internal.RetriableStream.cancel(RetriableStream.java:515)
	at io.grpc.internal.ClientCallImpl$DeadlineTimer.run(ClientCallImpl.java:409)
	at io.grpc.internal.LogExceptionRunnable.run(LogExceptionRunnable.java:42)
	at io.grpc.netty.shaded.io.netty.util.concurrent.PromiseTask.runTask(PromiseTask.java:98)
	at io.grpc.netty.shaded.io.netty.util.concurrent.ScheduledFutureTask.run(ScheduledFutureTask.java:153)
	at io.grpc.netty.shaded.io.netty.util.concurrent.AbstractEventExecutor.runTask(AbstractEventExecutor.java:174)
	at io.grpc.netty.shaded.io.netty.util.concurrent.AbstractEventExecutor.safeExecute(AbstractEventExecutor.java:167)
	at io.grpc.netty.shaded.io.netty.util.concurrent.SingleThreadEventExecutor.runAllTasks(SingleThreadEventExecutor.java:470)
	at io.grpc.netty.shaded.io.netty.channel.nio.NioEventLoop.run(NioEventLoop.java:569)
	at io.grpc.netty.shaded.io.netty.util.concurrent.SingleThreadEventExecutor$4.run(SingleThreadEventExecutor.java:997)
	at io.grpc.netty.shaded.io.netty.util.internal.ThreadExecutorMap$2.run(ThreadExecutorMap.java:74)
	at io.grpc.netty.shaded.io.netty.util.concurrent.FastThreadLocalRunnable.run(FastThreadLocalRunnable.java:30)
	at java.base/java.lang.Thread.run(Thread.java:1516)
Caused by: java.lang.ClassNotFoundException: io.grpc.internal.DelayedStream$8
	... 16 more

May 25, 2026 7:40:05 PM io.grpc.internal.LogExceptionRunnable run
SEVERE: Exception while executing runnable io.grpc.internal.ClientCallImpl$DeadlineTimer@6957af0e
java.lang.NoClassDefFoundError: io/grpc/internal/DelayedStream$8
	at io.grpc.internal.DelayedStream.cancel(DelayedStream.java:319)
	at io.grpc.internal.DelayedClientTransport$PendingStream.cancel(DelayedClientTransport.java:377)
	at io.grpc.internal.RetriableStream$1CommitTask.run(RetriableStream.java:194)
	at io.grpc.internal.RetriableStream.cancel(RetriableStream.java:515)
	at io.grpc.internal.ClientCallImpl$DeadlineTimer.run(ClientCallImpl.java:409)
	at io.grpc.internal.LogExceptionRunnable.run(LogExceptionRunnable.java:42)
	at io.grpc.netty.shaded.io.netty.util.concurrent.PromiseTask.runTask(PromiseTask.java:98)
	at io.grpc.netty.shaded.io.netty.util.concurrent.ScheduledFutureTask.run(ScheduledFutureTask.java:153)
	at io.grpc.netty.shaded.io.netty.util.concurrent.AbstractEventExecutor.runTask(AbstractEventExecutor.java:174)
	at io.grpc.netty.shaded.io.netty.util.concurrent.AbstractEventExecutor.safeExecute(AbstractEventExecutor.java:167)
	at io.grpc.netty.shaded.io.netty.util.concurrent.SingleThreadEventExecutor.runAllTasks(SingleThreadEventExecutor.java:470)
	at io.grpc.netty.shaded.io.netty.channel.nio.NioEventLoop.run(NioEventLoop.java:569)
	at io.grpc.netty.shaded.io.netty.util.concurrent.SingleThreadEventExecutor$4.run(SingleThreadEventExecutor.java:997)
	at io.grpc.netty.shaded.io.netty.util.internal.ThreadExecutorMap$2.run(ThreadExecutorMap.java:74)
	at io.grpc.netty.shaded.io.netty.util.concurrent.FastThreadLocalRunnable.run(FastThreadLocalRunnable.java:30)
	at java.base/java.lang.Thread.run(Thread.java:1516)
Caused by: java.lang.ClassNotFoundException: io.grpc.internal.DelayedStream$8
	... 16 more

May 25, 2026 7:40:05 PM io.grpc.internal.LogExceptionRunnable run
SEVERE: Exception while executing runnable io.grpc.internal.ClientCallImpl$DeadlineTimer@4eb0d5cb
java.lang.NoClassDefFoundError: io/grpc/internal/DelayedStream$8
	at io.grpc.internal.DelayedStream.cancel(DelayedStream.java:319)
	at io.grpc.internal.DelayedClientTransport$PendingStream.cancel(DelayedClientTransport.java:377)
	at io.grpc.internal.RetriableStream$1CommitTask.run(RetriableStream.java:194)
	at io.grpc.internal.RetriableStream.cancel(RetriableStream.java:515)
	at io.grpc.internal.ClientCallImpl$DeadlineTimer.run(ClientCallImpl.java:409)
	at io.grpc.internal.LogExceptionRunnable.run(LogExceptionRunnable.java:42)
	at io.grpc.netty.shaded.io.netty.util.concurrent.PromiseTask.runTask(PromiseTask.java:98)
	at io.grpc.netty.shaded.io.netty.util.concurrent.ScheduledFutureTask.run(ScheduledFutureTask.java:153)
	at io.grpc.netty.shaded.io.netty.util.concurrent.AbstractEventExecutor.runTask(AbstractEventExecutor.java:174)
	at io.grpc.netty.shaded.io.netty.util.concurrent.AbstractEventExecutor.safeExecute(AbstractEventExecutor.java:167)
	at io.grpc.netty.shaded.io.netty.util.concurrent.SingleThreadEventExecutor.runAllTasks(SingleThreadEventExecutor.java:470)
	at io.grpc.netty.shaded.io.netty.channel.nio.NioEventLoop.run(NioEventLoop.java:569)
	at io.grpc.netty.shaded.io.netty.util.concurrent.SingleThreadEventExecutor$4.run(SingleThreadEventExecutor.java:997)
	at io.grpc.netty.shaded.io.netty.util.internal.ThreadExecutorMap$2.run(ThreadExecutorMap.java:74)
	at io.grpc.netty.shaded.io.netty.util.concurrent.FastThreadLocalRunnable.run(FastThreadLocalRunnable.java:30)
	at java.base/java.lang.Thread.run(Thread.java:1516)
Caused by: java.lang.ClassNotFoundException: io.grpc.internal.DelayedStream$8
	... 16 more

May 25, 2026 7:40:05 PM io.grpc.internal.LogExceptionRunnable run
SEVERE: Exception while executing runnable io.grpc.internal.ClientCallImpl$DeadlineTimer@21de2b08
java.lang.NoClassDefFoundError: io/grpc/internal/DelayedStream$8
	at io.grpc.internal.DelayedStream.cancel(DelayedStream.java:319)
	at io.grpc.internal.DelayedClientTransport$PendingStream.cancel(DelayedClientTransport.java:377)
	at io.grpc.internal.RetriableStream$1CommitTask.run(RetriableStream.java:194)
	at io.grpc.internal.RetriableStream.cancel(RetriableStream.java:515)
	at io.grpc.internal.ClientCallImpl$DeadlineTimer.run(ClientCallImpl.java:409)
	at io.grpc.internal.LogExceptionRunnable.run(LogExceptionRunnable.java:42)
	at io.grpc.netty.shaded.io.netty.util.concurrent.PromiseTask.runTask(PromiseTask.java:98)
	at io.grpc.netty.shaded.io.netty.util.concurrent.ScheduledFutureTask.run(ScheduledFutureTask.java:153)
	at io.grpc.netty.shaded.io.netty.util.concurrent.AbstractEventExecutor.runTask(AbstractEventExecutor.java:174)
	at io.grpc.netty.shaded.io.netty.util.concurrent.AbstractEventExecutor.safeExecute(AbstractEventExecutor.java:167)
	at io.grpc.netty.shaded.io.netty.util.concurrent.SingleThreadEventExecutor.runAllTasks(SingleThreadEventExecutor.java:470)
	at io.grpc.netty.shaded.io.netty.channel.nio.NioEventLoop.run(NioEventLoop.java:569)
	at io.grpc.netty.shaded.io.netty.util.concurrent.SingleThreadEventExecutor$4.run(SingleThreadEventExecutor.java:997)
	at io.grpc.netty.shaded.io.netty.util.internal.ThreadExecutorMap$2.run(ThreadExecutorMap.java:74)
	at io.grpc.netty.shaded.io.netty.util.concurrent.FastThreadLocalRunnable.run(FastThreadLocalRunnable.java:30)
	at java.base/java.lang.Thread.run(Thread.java:1516)
Caused by: java.lang.ClassNotFoundException: io.grpc.internal.DelayedStream$8
	... 16 more

May 25, 2026 7:40:05 PM io.grpc.internal.LogExceptionRunnable run
SEVERE: Exception while executing runnable io.grpc.internal.ClientCallImpl$DeadlineTimer@464e8d3d
java.lang.NoClassDefFoundError: io/grpc/internal/DelayedStream$8
	at io.grpc.internal.DelayedStream.cancel(DelayedStream.java:319)
	at io.grpc.internal.DelayedClientTransport$PendingStream.cancel(DelayedClientTransport.java:377)
	at io.grpc.internal.RetriableStream$1CommitTask.run(RetriableStream.java:194)
	at io.grpc.internal.RetriableStream.cancel(RetriableStream.java:515)
	at io.grpc.internal.ClientCallImpl$DeadlineTimer.run(ClientCallImpl.java:409)
	at io.grpc.internal.LogExceptionRunnable.run(LogExceptionRunnable.java:42)
	at io.grpc.netty.shaded.io.netty.util.concurrent.PromiseTask.runTask(PromiseTask.java:98)
	at io.grpc.netty.shaded.io.netty.util.concurrent.ScheduledFutureTask.run(ScheduledFutureTask.java:153)
	at io.grpc.netty.shaded.io.netty.util.concurrent.AbstractEventExecutor.runTask(AbstractEventExecutor.java:174)
	at io.grpc.netty.shaded.io.netty.util.concurrent.AbstractEventExecutor.safeExecute(AbstractEventExecutor.java:167)
	at io.grpc.netty.shaded.io.netty.util.concurrent.SingleThreadEventExecutor.runAllTasks(SingleThreadEventExecutor.java:470)
	at io.grpc.netty.shaded.io.netty.channel.nio.NioEventLoop.run(NioEventLoop.java:569)
	at io.grpc.netty.shaded.io.netty.util.concurrent.SingleThreadEventExecutor$4.run(SingleThreadEventExecutor.java:997)
	at io.grpc.netty.shaded.io.netty.util.internal.ThreadExecutorMap$2.run(ThreadExecutorMap.java:74)
	at io.grpc.netty.shaded.io.netty.util.concurrent.FastThreadLocalRunnable.run(FastThreadLocalRunnable.java:30)
	at java.base/java.lang.Thread.run(Thread.java:1516)
Caused by: java.lang.ClassNotFoundException: io.grpc.internal.DelayedStream$8
	... 16 more

May 25, 2026 7:40:05 PM io.grpc.internal.LogExceptionRunnable run
SEVERE: Exception while executing runnable io.grpc.internal.ClientCallImpl$DeadlineTimer@1d61447d
java.lang.NoClassDefFoundError: io/grpc/internal/DelayedStream$8
	at io.grpc.internal.DelayedStream.cancel(DelayedStream.java:319)
	at io.grpc.internal.DelayedClientTransport$PendingStream.cancel(DelayedClientTransport.java:377)
	at io.grpc.internal.RetriableStream$1CommitTask.run(RetriableStream.java:194)
	at io.grpc.internal.RetriableStream.cancel(RetriableStream.java:515)
	at io.grpc.internal.ClientCallImpl$DeadlineTimer.run(ClientCallImpl.java:409)
	at io.grpc.internal.LogExceptionRunnable.run(LogExceptionRunnable.java:42)
	at io.grpc.netty.shaded.io.netty.util.concurrent.PromiseTask.runTask(PromiseTask.java:98)
	at io.grpc.netty.shaded.io.netty.util.concurrent.ScheduledFutureTask.run(ScheduledFutureTask.java:153)
	at io.grpc.netty.shaded.io.netty.util.concurrent.AbstractEventExecutor.runTask(AbstractEventExecutor.java:174)
	at io.grpc.netty.shaded.io.netty.util.concurrent.AbstractEventExecutor.safeExecute(AbstractEventExecutor.java:167)
	at io.grpc.netty.shaded.io.netty.util.concurrent.SingleThreadEventExecutor.runAllTasks(SingleThreadEventExecutor.java:470)
	at io.grpc.netty.shaded.io.netty.channel.nio.NioEventLoop.run(NioEventLoop.java:569)
	at io.grpc.netty.shaded.io.netty.util.concurrent.SingleThreadEventExecutor$4.run(SingleThreadEventExecutor.java:997)
	at io.grpc.netty.shaded.io.netty.util.internal.ThreadExecutorMap$2.run(ThreadExecutorMap.java:74)
	at io.grpc.netty.shaded.io.netty.util.concurrent.FastThreadLocalRunnable.run(FastThreadLocalRunnable.java:30)
	at java.base/java.lang.Thread.run(Thread.java:1516)
Caused by: java.lang.ClassNotFoundException: io.grpc.internal.DelayedStream$8
	... 16 more

May 25, 2026 7:40:05 PM io.grpc.internal.LogExceptionRunnable run
SEVERE: Exception while executing runnable io.grpc.internal.ClientCallImpl$DeadlineTimer@62705d1b
java.lang.NoClassDefFoundError: io/grpc/internal/DelayedStream$8
	at io.grpc.internal.DelayedStream.cancel(DelayedStream.java:319)
	at io.grpc.internal.DelayedClientTransport$PendingStream.cancel(DelayedClientTransport.java:377)
	at io.grpc.internal.RetriableStream$1CommitTask.run(RetriableStream.java:194)
	at io.grpc.internal.RetriableStream.cancel(RetriableStream.java:515)
	at io.grpc.internal.ClientCallImpl$DeadlineTimer.run(ClientCallImpl.java:409)
	at io.grpc.internal.LogExceptionRunnable.run(LogExceptionRunnable.java:42)
	at io.grpc.netty.shaded.io.netty.util.concurrent.PromiseTask.runTask(PromiseTask.java:98)
	at io.grpc.netty.shaded.io.netty.util.concurrent.ScheduledFutureTask.run(ScheduledFutureTask.java:153)
	at io.grpc.netty.shaded.io.netty.util.concurrent.AbstractEventExecutor.runTask(AbstractEventExecutor.java:174)
	at io.grpc.netty.shaded.io.netty.util.concurrent.AbstractEventExecutor.safeExecute(AbstractEventExecutor.java:167)
	at io.grpc.netty.shaded.io.netty.util.concurrent.SingleThreadEventExecutor.runAllTasks(SingleThreadEventExecutor.java:470)
	at io.grpc.netty.shaded.io.netty.channel.nio.NioEventLoop.run(NioEventLoop.java:569)
	at io.grpc.netty.shaded.io.netty.util.concurrent.SingleThreadEventExecutor$4.run(SingleThreadEventExecutor.java:997)
	at io.grpc.netty.shaded.io.netty.util.internal.ThreadExecutorMap$2.run(ThreadExecutorMap.java:74)
	at io.grpc.netty.shaded.io.netty.util.concurrent.FastThreadLocalRunnable.run(FastThreadLocalRunnable.java:30)
	at java.base/java.lang.Thread.run(Thread.java:1516)
Caused by: java.lang.ClassNotFoundException: io.grpc.internal.DelayedStream$8
	... 16 more

May 25, 2026 7:40:05 PM io.grpc.internal.LogExceptionRunnable run
SEVERE: Exception while executing runnable io.grpc.internal.ClientCallImpl$DeadlineTimer@5031f1e8
java.lang.NoClassDefFoundError: io/grpc/internal/DelayedStream$8
	at io.grpc.internal.DelayedStream.cancel(DelayedStream.java:319)
	at io.grpc.internal.DelayedClientTransport$PendingStream.cancel(DelayedClientTransport.java:377)
	at io.grpc.internal.RetriableStream$1CommitTask.run(RetriableStream.java:194)
	at io.grpc.internal.RetriableStream.cancel(RetriableStream.java:515)
	at io.grpc.internal.ClientCallImpl$DeadlineTimer.run(ClientCallImpl.java:409)
	at io.grpc.internal.LogExceptionRunnable.run(LogExceptionRunnable.java:42)
	at io.grpc.netty.shaded.io.netty.util.concurrent.PromiseTask.runTask(PromiseTask.java:98)
	at io.grpc.netty.shaded.io.netty.util.concurrent.ScheduledFutureTask.run(ScheduledFutureTask.java:153)
	at io.grpc.netty.shaded.io.netty.util.concurrent.AbstractEventExecutor.runTask(AbstractEventExecutor.java:174)
	at io.grpc.netty.shaded.io.netty.util.concurrent.AbstractEventExecutor.safeExecute(AbstractEventExecutor.java:167)
	at io.grpc.netty.shaded.io.netty.util.concurrent.SingleThreadEventExecutor.runAllTasks(SingleThreadEventExecutor.java:470)
	at io.grpc.netty.shaded.io.netty.channel.nio.NioEventLoop.run(NioEventLoop.java:569)
	at io.grpc.netty.shaded.io.netty.util.concurrent.SingleThreadEventExecutor$4.run(SingleThreadEventExecutor.java:997)
	at io.grpc.netty.shaded.io.netty.util.internal.ThreadExecutorMap$2.run(ThreadExecutorMap.java:74)
	at io.grpc.netty.shaded.io.netty.util.concurrent.FastThreadLocalRunnable.run(FastThreadLocalRunnable.java:30)
	at java.base/java.lang.Thread.run(Thread.java:1516)
Caused by: java.lang.ClassNotFoundException: io.grpc.internal.DelayedStream$8
	... 16 more

May 25, 2026 7:40:05 PM io.grpc.internal.LogExceptionRunnable run
SEVERE: Exception while executing runnable io.grpc.internal.ClientCallImpl$DeadlineTimer@67ada1ff
java.lang.NoClassDefFoundError: io/grpc/internal/DelayedStream$8
	at io.grpc.internal.DelayedStream.cancel(DelayedStream.java:319)
	at io.grpc.internal.DelayedClientTransport$PendingStream.cancel(DelayedClientTransport.java:377)
	at io.grpc.internal.RetriableStream$1CommitTask.run(RetriableStream.java:194)
	at io.grpc.internal.RetriableStream.cancel(RetriableStream.java:515)
	at io.grpc.internal.ClientCallImpl$DeadlineTimer.run(ClientCallImpl.java:409)
	at io.grpc.internal.LogExceptionRunnable.run(LogExceptionRunnable.java:42)
	at io.grpc.netty.shaded.io.netty.util.concurrent.PromiseTask.runTask(PromiseTask.java:98)
	at io.grpc.netty.shaded.io.netty.util.concurrent.ScheduledFutureTask.run(ScheduledFutureTask.java:153)
	at io.grpc.netty.shaded.io.netty.util.concurrent.AbstractEventExecutor.runTask(AbstractEventExecutor.java:174)
	at io.grpc.netty.shaded.io.netty.util.concurrent.AbstractEventExecutor.safeExecute(AbstractEventExecutor.java:167)
	at io.grpc.netty.shaded.io.netty.util.concurrent.SingleThreadEventExecutor.runAllTasks(SingleThreadEventExecutor.java:470)
	at io.grpc.netty.shaded.io.netty.channel.nio.NioEventLoop.run(NioEventLoop.java:569)
	at io.grpc.netty.shaded.io.netty.util.concurrent.SingleThreadEventExecutor$4.run(SingleThreadEventExecutor.java:997)
	at io.grpc.netty.shaded.io.netty.util.internal.ThreadExecutorMap$2.run(ThreadExecutorMap.java:74)
	at io.grpc.netty.shaded.io.netty.util.concurrent.FastThreadLocalRunnable.run(FastThreadLocalRunnable.java:30)
	at java.base/java.lang.Thread.run(Thread.java:1516)
Caused by: java.lang.ClassNotFoundException: io.grpc.internal.DelayedStream$8
	... 16 more

May 25, 2026 7:40:05 PM io.grpc.internal.LogExceptionRunnable run
SEVERE: Exception while executing runnable io.grpc.internal.ClientCallImpl$DeadlineTimer@17214046
java.lang.NoClassDefFoundError: io/grpc/internal/DelayedStream$8
	at io.grpc.internal.DelayedStream.cancel(DelayedStream.java:319)
	at io.grpc.internal.DelayedClientTransport$PendingStream.cancel(DelayedClientTransport.java:377)
	at io.grpc.internal.RetriableStream$1CommitTask.run(RetriableStream.java:194)
	at io.grpc.internal.RetriableStream.cancel(RetriableStream.java:515)
	at io.grpc.internal.ClientCallImpl$DeadlineTimer.run(ClientCallImpl.java:409)
	at io.grpc.internal.LogExceptionRunnable.run(LogExceptionRunnable.java:42)
	at io.grpc.netty.shaded.io.netty.util.concurrent.PromiseTask.runTask(PromiseTask.java:98)
	at io.grpc.netty.shaded.io.netty.util.concurrent.ScheduledFutureTask.run(ScheduledFutureTask.java:153)
	at io.grpc.netty.shaded.io.netty.util.concurrent.AbstractEventExecutor.runTask(AbstractEventExecutor.java:174)
	at io.grpc.netty.shaded.io.netty.util.concurrent.AbstractEventExecutor.safeExecute(AbstractEventExecutor.java:167)
	at io.grpc.netty.shaded.io.netty.util.concurrent.SingleThreadEventExecutor.runAllTasks(SingleThreadEventExecutor.java:470)
	at io.grpc.netty.shaded.io.netty.channel.nio.NioEventLoop.run(NioEventLoop.java:569)
	at io.grpc.netty.shaded.io.netty.util.concurrent.SingleThreadEventExecutor$4.run(SingleThreadEventExecutor.java:997)
	at io.grpc.netty.shaded.io.netty.util.internal.ThreadExecutorMap$2.run(ThreadExecutorMap.java:74)
	at io.grpc.netty.shaded.io.netty.util.concurrent.FastThreadLocalRunnable.run(FastThreadLocalRunnable.java:30)
	at java.base/java.lang.Thread.run(Thread.java:1516)
Caused by: java.lang.ClassNotFoundException: io.grpc.internal.DelayedStream$8
	... 16 more

May 25, 2026 7:40:05 PM io.grpc.internal.LogExceptionRunnable run
SEVERE: Exception while executing runnable io.grpc.internal.ClientCallImpl$DeadlineTimer@741bec62
java.lang.NoClassDefFoundError: io/grpc/internal/DelayedStream$8
	at io.grpc.internal.DelayedStream.cancel(DelayedStream.java:319)
	at io.grpc.internal.DelayedClientTransport$PendingStream.cancel(DelayedClientTransport.java:377)
	at io.grpc.internal.RetriableStream$1CommitTask.run(RetriableStream.java:194)
	at io.grpc.internal.RetriableStream.cancel(RetriableStream.java:515)
	at io.grpc.internal.ClientCallImpl$DeadlineTimer.run(ClientCallImpl.java:409)
	at io.grpc.internal.LogExceptionRunnable.run(LogExceptionRunnable.java:42)
	at io.grpc.netty.shaded.io.netty.util.concurrent.PromiseTask.runTask(PromiseTask.java:98)
	at io.grpc.netty.shaded.io.netty.util.concurrent.ScheduledFutureTask.run(ScheduledFutureTask.java:153)
	at io.grpc.netty.shaded.io.netty.util.concurrent.AbstractEventExecutor.runTask(AbstractEventExecutor.java:174)
	at io.grpc.netty.shaded.io.netty.util.concurrent.AbstractEventExecutor.safeExecute(AbstractEventExecutor.java:167)
	at io.grpc.netty.shaded.io.netty.util.concurrent.SingleThreadEventExecutor.runAllTasks(SingleThreadEventExecutor.java:470)
	at io.grpc.netty.shaded.io.netty.channel.nio.NioEventLoop.run(NioEventLoop.java:569)
	at io.grpc.netty.shaded.io.netty.util.concurrent.SingleThreadEventExecutor$4.run(SingleThreadEventExecutor.java:997)
	at io.grpc.netty.shaded.io.netty.util.internal.ThreadExecutorMap$2.run(ThreadExecutorMap.java:74)
	at io.grpc.netty.shaded.io.netty.util.concurrent.FastThreadLocalRunnable.run(FastThreadLocalRunnable.java:30)
	at java.base/java.lang.Thread.run(Thread.java:1516)
Caused by: java.lang.ClassNotFoundException: io.grpc.internal.DelayedStream$8
	... 16 more

May 25, 2026 7:40:05 PM io.grpc.internal.LogExceptionRunnable run
SEVERE: Exception while executing runnable io.grpc.internal.ClientCallImpl$DeadlineTimer@2c4e5b90
java.lang.NoClassDefFoundError: io/grpc/internal/DelayedStream$8
	at io.grpc.internal.DelayedStream.cancel(DelayedStream.java:319)
	at io.grpc.internal.DelayedClientTransport$PendingStream.cancel(DelayedClientTransport.java:377)
	at io.grpc.internal.RetriableStream$1CommitTask.run(RetriableStream.java:194)
	at io.grpc.internal.RetriableStream.cancel(RetriableStream.java:515)
	at io.grpc.internal.ClientCallImpl$DeadlineTimer.run(ClientCallImpl.java:409)
	at io.grpc.internal.LogExceptionRunnable.run(LogExceptionRunnable.java:42)
	at io.grpc.netty.shaded.io.netty.util.concurrent.PromiseTask.runTask(PromiseTask.java:98)
	at io.grpc.netty.shaded.io.netty.util.concurrent.ScheduledFutureTask.run(ScheduledFutureTask.java:153)
	at io.grpc.netty.shaded.io.netty.util.concurrent.AbstractEventExecutor.runTask(AbstractEventExecutor.java:174)
	at io.grpc.netty.shaded.io.netty.util.concurrent.AbstractEventExecutor.safeExecute(AbstractEventExecutor.java:167)
	at io.grpc.netty.shaded.io.netty.util.concurrent.SingleThreadEventExecutor.runAllTasks(SingleThreadEventExecutor.java:470)
	at io.grpc.netty.shaded.io.netty.channel.nio.NioEventLoop.run(NioEventLoop.java:569)
	at io.grpc.netty.shaded.io.netty.util.concurrent.SingleThreadEventExecutor$4.run(SingleThreadEventExecutor.java:997)
	at io.grpc.netty.shaded.io.netty.util.internal.ThreadExecutorMap$2.run(ThreadExecutorMap.java:74)
	at io.grpc.netty.shaded.io.netty.util.concurrent.FastThreadLocalRunnable.run(FastThreadLocalRunnable.java:30)
	at java.base/java.lang.Thread.run(Thread.java:1516)
Caused by: java.lang.ClassNotFoundException: io.grpc.internal.DelayedStream$8
	... 16 more

May 25, 2026 7:40:05 PM io.grpc.internal.LogExceptionRunnable run
SEVERE: Exception while executing runnable io.grpc.internal.ClientCallImpl$DeadlineTimer@79f4607a
java.lang.NoClassDefFoundError: io/grpc/internal/DelayedStream$8
	at io.grpc.internal.DelayedStream.cancel(DelayedStream.java:319)
	at io.grpc.internal.DelayedClientTransport$PendingStream.cancel(DelayedClientTransport.java:377)
	at io.grpc.internal.RetriableStream$1CommitTask.run(RetriableStream.java:194)
	at io.grpc.internal.RetriableStream.cancel(RetriableStream.java:515)
	at io.grpc.internal.ClientCallImpl$DeadlineTimer.run(ClientCallImpl.java:409)
	at io.grpc.internal.LogExceptionRunnable.run(LogExceptionRunnable.java:42)
	at io.grpc.netty.shaded.io.netty.util.concurrent.PromiseTask.runTask(PromiseTask.java:98)
	at io.grpc.netty.shaded.io.netty.util.concurrent.ScheduledFutureTask.run(ScheduledFutureTask.java:153)
	at io.grpc.netty.shaded.io.netty.util.concurrent.AbstractEventExecutor.runTask(AbstractEventExecutor.java:174)
	at io.grpc.netty.shaded.io.netty.util.concurrent.AbstractEventExecutor.safeExecute(AbstractEventExecutor.java:167)
	at io.grpc.netty.shaded.io.netty.util.concurrent.SingleThreadEventExecutor.runAllTasks(SingleThreadEventExecutor.java:470)
	at io.grpc.netty.shaded.io.netty.channel.nio.NioEventLoop.run(NioEventLoop.java:569)
	at io.grpc.netty.shaded.io.netty.util.concurrent.SingleThreadEventExecutor$4.run(SingleThreadEventExecutor.java:997)
	at io.grpc.netty.shaded.io.netty.util.internal.ThreadExecutorMap$2.run(ThreadExecutorMap.java:74)
	at io.grpc.netty.shaded.io.netty.util.concurrent.FastThreadLocalRunnable.run(FastThreadLocalRunnable.java:30)
	at java.base/java.lang.Thread.run(Thread.java:1516)
Caused by: java.lang.ClassNotFoundException: io.grpc.internal.DelayedStream$8
	... 16 more

May 25, 2026 7:40:05 PM io.grpc.internal.LogExceptionRunnable run
SEVERE: Exception while executing runnable io.grpc.internal.ClientCallImpl$DeadlineTimer@53c3ce4
java.lang.NoClassDefFoundError: io/grpc/internal/DelayedStream$8
	at io.grpc.internal.DelayedStream.cancel(DelayedStream.java:319)
	at io.grpc.internal.DelayedClientTransport$PendingStream.cancel(DelayedClientTransport.java:377)
	at io.grpc.internal.RetriableStream$1CommitTask.run(RetriableStream.java:194)
	at io.grpc.internal.RetriableStream.cancel(RetriableStream.java:515)
	at io.grpc.internal.ClientCallImpl$DeadlineTimer.run(ClientCallImpl.java:409)
	at io.grpc.internal.LogExceptionRunnable.run(LogExceptionRunnable.java:42)
	at io.grpc.netty.shaded.io.netty.util.concurrent.PromiseTask.runTask(PromiseTask.java:98)
	at io.grpc.netty.shaded.io.netty.util.concurrent.ScheduledFutureTask.run(ScheduledFutureTask.java:153)
	at io.grpc.netty.shaded.io.netty.util.concurrent.AbstractEventExecutor.runTask(AbstractEventExecutor.java:174)
	at io.grpc.netty.shaded.io.netty.util.concurrent.AbstractEventExecutor.safeExecute(AbstractEventExecutor.java:167)
	at io.grpc.netty.shaded.io.netty.util.concurrent.SingleThreadEventExecutor.runAllTasks(SingleThreadEventExecutor.java:470)
	at io.grpc.netty.shaded.io.netty.channel.nio.NioEventLoop.run(NioEventLoop.java:569)
	at io.grpc.netty.shaded.io.netty.util.concurrent.SingleThreadEventExecutor$4.run(SingleThreadEventExecutor.java:997)
	at io.grpc.netty.shaded.io.netty.util.internal.ThreadExecutorMap$2.run(ThreadExecutorMap.java:74)
	at io.grpc.netty.shaded.io.netty.util.concurrent.FastThreadLocalRunnable.run(FastThreadLocalRunnable.java:30)
	at java.base/java.lang.Thread.run(Thread.java:1516)
Caused by: java.lang.ClassNotFoundException: io.grpc.internal.DelayedStream$8
	... 16 more

May 25, 2026 7:40:05 PM io.grpc.internal.LogExceptionRunnable run
SEVERE: Exception while executing runnable io.grpc.internal.ClientCallImpl$DeadlineTimer@eb1d825
java.lang.NoClassDefFoundError: io/grpc/internal/DelayedStream$8
	at io.grpc.internal.DelayedStream.cancel(DelayedStream.java:319)
	at io.grpc.internal.DelayedClientTransport$PendingStream.cancel(DelayedClientTransport.java:377)
	at io.grpc.internal.RetriableStream$1CommitTask.run(RetriableStream.java:194)
	at io.grpc.internal.RetriableStream.cancel(RetriableStream.java:515)
	at io.grpc.internal.ClientCallImpl$DeadlineTimer.run(ClientCallImpl.java:409)
	at io.grpc.internal.LogExceptionRunnable.run(LogExceptionRunnable.java:42)
	at io.grpc.netty.shaded.io.netty.util.concurrent.PromiseTask.runTask(PromiseTask.java:98)
	at io.grpc.netty.shaded.io.netty.util.concurrent.ScheduledFutureTask.run(ScheduledFutureTask.java:153)
	at io.grpc.netty.shaded.io.netty.util.concurrent.AbstractEventExecutor.runTask(AbstractEventExecutor.java:174)
	at io.grpc.netty.shaded.io.netty.util.concurrent.AbstractEventExecutor.safeExecute(AbstractEventExecutor.java:167)
	at io.grpc.netty.shaded.io.netty.util.concurrent.SingleThreadEventExecutor.runAllTasks(SingleThreadEventExecutor.java:470)
	at io.grpc.netty.shaded.io.netty.channel.nio.NioEventLoop.run(NioEventLoop.java:569)
	at io.grpc.netty.shaded.io.netty.util.concurrent.SingleThreadEventExecutor$4.run(SingleThreadEventExecutor.java:997)
	at io.grpc.netty.shaded.io.netty.util.internal.ThreadExecutorMap$2.run(ThreadExecutorMap.java:74)
	at io.grpc.netty.shaded.io.netty.util.concurrent.FastThreadLocalRunnable.run(FastThreadLocalRunnable.java:30)
	at java.base/java.lang.Thread.run(Thread.java:1516)
Caused by: java.lang.ClassNotFoundException: io.grpc.internal.DelayedStream$8
	... 16 more

